<?xml version="1.0" encoding="UTF-8" standalone="yes"?>
<!DOCTYPE report PUBLIC "-//JACOCO//DTD Report 1.1//EN" "report.dtd">
<report name="my-java-app">
    <sessioninfo id="session-1" start="1706731200000" dump="1706731300000"/>

    <package name="com/example/myapp">
        <class name="com/example/myapp/Application" sourcefilename="Application.java">
            <method name="&lt;init&gt;" desc="()V" line="15">
                <counter type="INSTRUCTION" missed="0" covered="3"/>
                <counter type="BRANCH" missed="0" covered="0"/>
                <counter type="LINE" missed="0" covered="1"/>
                <counter type="COMPLEXITY" missed="0" covered="1"/>
                <counter type="METHOD" missed="0" covered="1"/>
            </method>
            <method name="main" desc="([Ljava/lang/String;)V" line="18">
                <counter type="INSTRUCTION" missed="2" covered="8"/>
                <counter type="BRANCH" missed="0" covered="2"/>
                <counter type="LINE" missed="1" covered="4"/>
                <counter type="COMPLEXITY" missed="0" covered="2"/>
                <counter type="METHOD" missed="0" covered="1"/>
            </method>
            <counter type="INSTRUCTION" missed="2" covered="11"/>
            <counter type="BRANCH" missed="0" covered="2"/>
            <counter type="LINE" missed="1" covered="5"/>
            <counter type="COMPLEXITY" missed="0" covered="3"/>
            <counter type="METHOD" missed="0" covered="2"/>
            <counter type="CLASS" missed="0" covered="1"/>
        </class>

        <class name="com/example/myapp/service/UserService" sourcefilename="UserService.java">
            <method name="&lt;init&gt;" desc="()V" line="10">
                <counter type="INSTRUCTION" missed="0" covered="3"/>
                <counter type="LINE" missed="0" covered="1"/>
                <counter type="METHOD" missed="0" covered="1"/>
            </method>
            <method name="findUser" desc="(I)Lcom/example/User;" line="15">
                <counter type="INSTRUCTION" missed="5" covered="20"/>
                <counter type="BRANCH" missed="2" covered="4"/>
                <counter type="LINE" missed="2" covered="8"/>
                <counter type="METHOD" missed="0" covered="1"/>
            </method>
            <counter type="INSTRUCTION" missed="5" covered="23"/>
            <counter type="BRANCH" missed="2" covered="4"/>
            <counter type="LINE" missed="2" covered="9"/>
            <counter type="METHOD" missed="0" covered="2"/>
            <counter type="CLASS" missed="0" covered="1"/>
        </class>

        <sourcefile name="Application.java">
            <line nr="15" mi="0" ci="3" mb="0" cb="0"/>
            <line nr="18" mi="0" ci="2" mb="0" cb="0"/>
            <line nr="19" mi="0" ci="2" mb="0" cb="1"/>
            <line nr="20" mi="0" ci="2" mb="0" cb="1"/>
            <line nr="21" mi="2" ci="0" mb="0" cb="0"/>
            <line nr="22" mi="0" ci="2" mb="0" cb="0"/>
            <counter type="INSTRUCTION" missed="2" covered="11"/>
            <counter type="BRANCH" missed="0" covered="2"/>
            <counter type="LINE" missed="1" covered="5"/>
            <counter type="METHOD" missed="0" covered="2"/>
            <counter type="CLASS" missed="0" covered="1"/>
        </sourcefile>

        <counter type="INSTRUCTION" missed="7" covered="34"/>
        <counter type="BRANCH" missed="2" covered="6"/>
        <counter type="LINE" missed="3" covered="14"/>
        <counter type="COMPLEXITY" missed="0" covered="5"/>
        <counter type="METHOD" missed="0" covered="4"/>
        <counter type="CLASS" missed="0" covered="2"/>
    </package>

    <counter type="INSTRUCTION" missed="7" covered="34"/>
    <counter type="BRANCH" missed="2" covered="6"/>
    <counter type="LINE" missed="3" covered="14"/>
    <counter type="COMPLEXITY" missed="0" covered="5"/>
    <counter type="METHOD" missed="0" covered="4"/>
    <counter type="CLASS" missed="0" covered="2"/>
</report>